mode: set
github.com/tanhaok/MyStore/utils/hmac.go:13.59,21.2 6 1
github.com/tanhaok/MyStore/utils/jwt.go:17.62,28.2 7 1
github.com/tanhaok/MyStore/utils/jwt.go:44.69,48.80 1 1
github.com/tanhaok/MyStore/utils/jwt.go:48.80,50.3 1 1
github.com/tanhaok/MyStore/utils/jwt.go:51.2,51.16 1 1
github.com/tanhaok/MyStore/utils/jwt.go:51.16,53.3 1 1
github.com/tanhaok/MyStore/utils/jwt.go:54.2,55.23 2 1
github.com/tanhaok/MyStore/utils/jwt.go:55.23,57.3 1 1
github.com/tanhaok/MyStore/utils/jwt.go:58.2,58.19 1 0
github.com/tanhaok/MyStore/utils/validate_input.go:10.59,16.16 4 1
github.com/tanhaok/MyStore/utils/validate_input.go:16.16,17.61 1 1
github.com/tanhaok/MyStore/utils/validate_input.go:17.61,18.14 1 0
github.com/tanhaok/MyStore/utils/validate_input.go:21.3,24.56 4 1
github.com/tanhaok/MyStore/utils/validate_input.go:24.56,27.48 3 1
github.com/tanhaok/MyStore/utils/validate_input.go:27.48,29.5 1 0
github.com/tanhaok/MyStore/utils/validate_input.go:30.4,31.21 2 1
github.com/tanhaok/MyStore/utils/validate_input.go:32.20,34.10 2 1
github.com/tanhaok/MyStore/utils/validate_input.go:35.17,37.10 2 1
github.com/tanhaok/MyStore/utils/validate_input.go:38.15,40.10 2 1
github.com/tanhaok/MyStore/utils/validate_input.go:41.15,43.10 2 1
github.com/tanhaok/MyStore/utils/validate_input.go:44.19,46.10 2 0
github.com/tanhaok/MyStore/utils/validate_input.go:47.12,49.10 2 0
github.com/tanhaok/MyStore/utils/validate_input.go:51.4,53.16 3 1
github.com/tanhaok/MyStore/utils/validate_input.go:55.3,55.23 1 1
github.com/tanhaok/MyStore/utils/validate_input.go:57.2,57.18 1 1
github.com/tanhaok/MyStore/handlers/auth_handler.go:19.31,22.53 2 1
github.com/tanhaok/MyStore/handlers/auth_handler.go:22.53,25.3 2 1
github.com/tanhaok/MyStore/handlers/auth_handler.go:27.2,27.55 1 1
github.com/tanhaok/MyStore/handlers/auth_handler.go:27.55,30.3 2 1
github.com/tanhaok/MyStore/handlers/auth_handler.go:32.2,32.73 1 0
github.com/tanhaok/MyStore/handlers/auth_handler.go:32.73,35.3 2 0
github.com/tanhaok/MyStore/handlers/auth_handler.go:37.2,45.16 8 0
github.com/tanhaok/MyStore/handlers/auth_handler.go:45.16,49.3 3 0
github.com/tanhaok/MyStore/handlers/auth_handler.go:52.2,57.52 4 0
github.com/tanhaok/MyStore/handlers/auth_handler.go:61.28,64.53 2 0
github.com/tanhaok/MyStore/handlers/auth_handler.go:64.53,68.3 3 0
github.com/tanhaok/MyStore/handlers/auth_handler.go:70.2,73.104 3 0
github.com/tanhaok/MyStore/handlers/auth_handler.go:73.104,77.3 3 0
github.com/tanhaok/MyStore/handlers/auth_handler.go:79.2,79.50 1 0
github.com/tanhaok/MyStore/handlers/auth_handler.go:79.50,83.3 3 0
github.com/tanhaok/MyStore/handlers/auth_handler.go:85.2,87.100 2 0
github.com/tanhaok/MyStore/handlers/auth_handler.go:92.32,95.2 0 0
github.com/tanhaok/MyStore/handlers/handler.go:5.73,11.2 1 0
github.com/tanhaok/MyStore/handlers/handler.go:13.70,19.2 1 1
